[0.020s] Invoking command in '/home/flo/lab_ws/src/Learning-Guided-Control-MPPI/build/mppi_control': CMAKE_PREFIX_PATH=${CMAKE_PREFIX_PATH}:/opt/ros/foxy /usr/bin/cmake /home/flo/lab_ws/src/Learning-Guided-Control-MPPI -DCMAKE_INSTALL_PREFIX=/home/flo/lab_ws/src/Learning-Guided-Control-MPPI/install/mppi_control
[0.095s] -- The C compiler identification is GNU 9.4.0
[0.167s] -- The CXX compiler identification is GNU 9.4.0
[0.174s] -- Check for working C compiler: /usr/bin/cc
[0.278s] -- Check for working C compiler: /usr/bin/cc -- works
[0.279s] -- Detecting C compiler ABI info
[0.366s] -- Detecting C compiler ABI info - done
[0.386s] -- Detecting C compile features
[0.386s] -- Detecting C compile features - done
[0.390s] -- Check for working CXX compiler: /usr/bin/c++
[0.514s] -- Check for working CXX compiler: /usr/bin/c++ -- works
[0.514s] -- Detecting CXX compiler ABI info
[0.677s] -- Detecting CXX compiler ABI info - done
[0.709s] -- Detecting CXX compile features
[0.710s] -- Detecting CXX compile features - done
[0.713s] -- Found ament_cmake: 0.9.12 (/opt/ros/foxy/share/ament_cmake/cmake)
[0.756s] -- Found PythonInterp: /usr/bin/python3 (found suitable version "3.8.10", minimum required is "3") 
[0.757s] -- Using PYTHON_EXECUTABLE: /usr/bin/python3
[1.063s] -- Found rclcpp: 2.4.3 (/opt/ros/foxy/share/rclcpp/cmake)
[1.126s] -- Using all available rosidl_typesupport_c: rosidl_typesupport_fastrtps_c;rosidl_typesupport_introspection_c
[1.132s] -- Found rosidl_adapter: 1.3.1 (/opt/ros/foxy/share/rosidl_adapter/cmake)
[1.229s] -- Found OpenSSL: /usr/lib/x86_64-linux-gnu/libcrypto.so (found version "1.1.1f")  
[1.265s] -- Found FastRTPS: /opt/ros/foxy/include  
[1.375s] -- Using all available rosidl_typesupport_cpp: rosidl_typesupport_fastrtps_cpp;rosidl_typesupport_introspection_cpp
[1.465s] -- Found rmw_implementation_cmake: 1.0.4 (/opt/ros/foxy/share/rmw_implementation_cmake/cmake)
[1.468s] -- Using RMW implementation 'rmw_fastrtps_cpp' as default
[1.470s] -- Looking for pthread.h
[1.553s] -- Looking for pthread.h - found
[1.553s] -- Performing Test CMAKE_HAVE_LIBC_PTHREAD
[1.654s] -- Performing Test CMAKE_HAVE_LIBC_PTHREAD - Failed
[1.654s] -- Looking for pthread_create in pthreads
[1.741s] -- Looking for pthread_create in pthreads - not found
[1.742s] -- Looking for pthread_create in pthread
[1.883s] -- Looking for pthread_create in pthread - found
[1.886s] -- Found Threads: TRUE  
[2.146s] -- Found rclpy: 1.0.13 (/opt/ros/foxy/share/rclpy/cmake)
[2.148s] -- Found nav_msgs: 2.0.5 (/opt/ros/foxy/share/nav_msgs/cmake)
[2.339s] -- Found ackermann_msgs: 2.0.2 (/opt/ros/foxy/share/ackermann_msgs/cmake)
[2.385s] -- Found sensor_msgs: 2.0.5 (/opt/ros/foxy/share/sensor_msgs/cmake)
[2.585s] -- Configuring done
[2.591s] -- Generating done
[2.596s] -- Build files have been written to: /home/flo/lab_ws/src/Learning-Guided-Control-MPPI/build/mppi_control
[2.608s] Invoked command in '/home/flo/lab_ws/src/Learning-Guided-Control-MPPI/build/mppi_control' returned '0': CMAKE_PREFIX_PATH=${CMAKE_PREFIX_PATH}:/opt/ros/foxy /usr/bin/cmake /home/flo/lab_ws/src/Learning-Guided-Control-MPPI -DCMAKE_INSTALL_PREFIX=/home/flo/lab_ws/src/Learning-Guided-Control-MPPI/install/mppi_control
[2.611s] Invoking command in '/home/flo/lab_ws/src/Learning-Guided-Control-MPPI/build/mppi_control': CMAKE_PREFIX_PATH=${CMAKE_PREFIX_PATH}:/opt/ros/foxy /usr/bin/cmake --build /home/flo/lab_ws/src/Learning-Guided-Control-MPPI/build/mppi_control -- -j8 -l8
[2.666s] Invoked command in '/home/flo/lab_ws/src/Learning-Guided-Control-MPPI/build/mppi_control' returned '0': CMAKE_PREFIX_PATH=${CMAKE_PREFIX_PATH}:/opt/ros/foxy /usr/bin/cmake --build /home/flo/lab_ws/src/Learning-Guided-Control-MPPI/build/mppi_control -- -j8 -l8
[2.683s] Invoking command in '/home/flo/lab_ws/src/Learning-Guided-Control-MPPI/build/mppi_control': CMAKE_PREFIX_PATH=${CMAKE_PREFIX_PATH}:/opt/ros/foxy /usr/bin/cmake --install /home/flo/lab_ws/src/Learning-Guided-Control-MPPI/build/mppi_control
[2.695s] -- Install configuration: ""
[2.695s] -- Installing: /home/flo/lab_ws/src/Learning-Guided-Control-MPPI/install/mppi_control/lib/mppi_control
[2.695s] -- Installing: /home/flo/lab_ws/src/Learning-Guided-Control-MPPI/install/mppi_control/lib/mppi_control/infer_env.py
[2.695s] -- Installing: /home/flo/lab_ws/src/Learning-Guided-Control-MPPI/install/mppi_control/lib/mppi_control/mppi_PP.py
[2.695s] -- Installing: /home/flo/lab_ws/src/Learning-Guided-Control-MPPI/install/mppi_control/lib/mppi_control/utils
[2.696s] -- Installing: /home/flo/lab_ws/src/Learning-Guided-Control-MPPI/install/mppi_control/lib/mppi_control/utils/Track.py
[2.696s] -- Installing: /home/flo/lab_ws/src/Learning-Guided-Control-MPPI/install/mppi_control/lib/mppi_control/utils/jax_utils.py
[2.696s] -- Installing: /home/flo/lab_ws/src/Learning-Guided-Control-MPPI/install/mppi_control/lib/mppi_control/utils/cubic_spline.py
[2.696s] -- Installing: /home/flo/lab_ws/src/Learning-Guided-Control-MPPI/install/mppi_control/lib/mppi_control/utils/ros_np_multiarray.py
[2.696s] -- Installing: /home/flo/lab_ws/src/Learning-Guided-Control-MPPI/install/mppi_control/lib/mppi_control/utils/utils.py
[2.696s] -- Installing: /home/flo/lab_ws/src/Learning-Guided-Control-MPPI/install/mppi_control/lib/mppi_control/mppi_tracking.py
[2.697s] -- Installing: /home/flo/lab_ws/src/Learning-Guided-Control-MPPI/install/mppi_control/lib/mppi_control/vis_node.py
[2.697s] -- Installing: /home/flo/lab_ws/src/Learning-Guided-Control-MPPI/install/mppi_control/lib/mppi_control/trajectory_error_evaluator.py
[2.697s] -- Installing: /home/flo/lab_ws/src/Learning-Guided-Control-MPPI/install/mppi_control/lib/mppi_control/pure_pursuit_node.py
[2.697s] -- Installing: /home/flo/lab_ws/src/Learning-Guided-Control-MPPI/install/mppi_control/lib/mppi_control/mppi_node.py
[2.697s] -- Installing: /home/flo/lab_ws/src/Learning-Guided-Control-MPPI/install/mppi_control/lib/mppi_control/dynamics_models
[2.697s] -- Installing: /home/flo/lab_ws/src/Learning-Guided-Control-MPPI/install/mppi_control/lib/mppi_control/dynamics_models/dynamics_models_jax.py
[2.698s] -- Installing: /home/flo/lab_ws/src/Learning-Guided-Control-MPPI/install/mppi_control/lib/mppi_control/dynamics_models/tire_models.py
[2.698s] -- Installing: /home/flo/lab_ws/src/Learning-Guided-Control-MPPI/install/mppi_control/lib/mppi_control/dynamics_models/vehicleModels_commonRoad.pdf
[2.698s] -- Installing: /home/flo/lab_ws/src/Learning-Guided-Control-MPPI/install/mppi_control/lib/mppi_control/dynamics_models/mb_model_params.py
[2.698s] -- Installing: /home/flo/lab_ws/src/Learning-Guided-Control-MPPI/install/mppi_control/lib/mppi_control/QtMatplotlib.py
[2.698s] -- Up-to-date: /home/flo/lab_ws/src/Learning-Guided-Control-MPPI/install/mppi_control/lib/mppi_control/mppi_node.py
[2.698s] -- Up-to-date: /home/flo/lab_ws/src/Learning-Guided-Control-MPPI/install/mppi_control/lib/mppi_control/infer_env.py
[2.699s] -- Up-to-date: /home/flo/lab_ws/src/Learning-Guided-Control-MPPI/install/mppi_control/lib/mppi_control/mppi_tracking.py
[2.699s] -- Up-to-date: /home/flo/lab_ws/src/Learning-Guided-Control-MPPI/install/mppi_control/lib/mppi_control/vis_node.py
[2.699s] -- Up-to-date: /home/flo/lab_ws/src/Learning-Guided-Control-MPPI/install/mppi_control/lib/mppi_control/QtMatplotlib.py
[2.699s] -- Up-to-date: /home/flo/lab_ws/src/Learning-Guided-Control-MPPI/install/mppi_control/lib/mppi_control/trajectory_error_evaluator.py
[2.699s] -- Up-to-date: /home/flo/lab_ws/src/Learning-Guided-Control-MPPI/install/mppi_control/lib/mppi_control/pure_pursuit_node.py
[2.699s] -- Up-to-date: /home/flo/lab_ws/src/Learning-Guided-Control-MPPI/install/mppi_control/lib/mppi_control/mppi_PP.py
[2.700s] -- Installing: /home/flo/lab_ws/src/Learning-Guided-Control-MPPI/install/mppi_control/share/mppi_control//launch
[2.700s] -- Installing: /home/flo/lab_ws/src/Learning-Guided-Control-MPPI/install/mppi_control/share/mppi_control//launch/mppi_PP.py
[2.700s] -- Installing: /home/flo/lab_ws/src/Learning-Guided-Control-MPPI/install/mppi_control/share/mppi_control//launch/mppi_example.py
[2.700s] -- Installing: /home/flo/lab_ws/src/Learning-Guided-Control-MPPI/install/mppi_control/share/ament_index/resource_index/package_run_dependencies/mppi_control
[2.700s] -- Installing: /home/flo/lab_ws/src/Learning-Guided-Control-MPPI/install/mppi_control/share/ament_index/resource_index/parent_prefix_path/mppi_control
[2.700s] -- Installing: /home/flo/lab_ws/src/Learning-Guided-Control-MPPI/install/mppi_control/share/mppi_control/environment/ament_prefix_path.sh
[2.701s] -- Installing: /home/flo/lab_ws/src/Learning-Guided-Control-MPPI/install/mppi_control/share/mppi_control/environment/ament_prefix_path.dsv
[2.701s] -- Installing: /home/flo/lab_ws/src/Learning-Guided-Control-MPPI/install/mppi_control/share/mppi_control/environment/path.sh
[2.701s] -- Installing: /home/flo/lab_ws/src/Learning-Guided-Control-MPPI/install/mppi_control/share/mppi_control/environment/path.dsv
[2.701s] -- Installing: /home/flo/lab_ws/src/Learning-Guided-Control-MPPI/install/mppi_control/share/mppi_control/local_setup.bash
[2.701s] -- Installing: /home/flo/lab_ws/src/Learning-Guided-Control-MPPI/install/mppi_control/share/mppi_control/local_setup.sh
[2.701s] -- Installing: /home/flo/lab_ws/src/Learning-Guided-Control-MPPI/install/mppi_control/share/mppi_control/local_setup.zsh
[2.702s] -- Installing: /home/flo/lab_ws/src/Learning-Guided-Control-MPPI/install/mppi_control/share/mppi_control/local_setup.dsv
[2.702s] -- Installing: /home/flo/lab_ws/src/Learning-Guided-Control-MPPI/install/mppi_control/share/mppi_control/package.dsv
[2.702s] -- Installing: /home/flo/lab_ws/src/Learning-Guided-Control-MPPI/install/mppi_control/share/ament_index/resource_index/packages/mppi_control
[2.702s] -- Installing: /home/flo/lab_ws/src/Learning-Guided-Control-MPPI/install/mppi_control/share/mppi_control/cmake/mppi_controlConfig.cmake
[2.702s] -- Installing: /home/flo/lab_ws/src/Learning-Guided-Control-MPPI/install/mppi_control/share/mppi_control/cmake/mppi_controlConfig-version.cmake
[2.702s] -- Installing: /home/flo/lab_ws/src/Learning-Guided-Control-MPPI/install/mppi_control/share/mppi_control/package.xml
[2.705s] Invoked command in '/home/flo/lab_ws/src/Learning-Guided-Control-MPPI/build/mppi_control' returned '0': CMAKE_PREFIX_PATH=${CMAKE_PREFIX_PATH}:/opt/ros/foxy /usr/bin/cmake --install /home/flo/lab_ws/src/Learning-Guided-Control-MPPI/build/mppi_control
