[0.353s] DEBUG:colcon:Command line arguments: ['/usr/bin/colcon', 'build']
[0.353s] DEBUG:colcon:Parsed command line arguments: Namespace(allow_overriding=[], ament_cmake_args=None, base_paths=['.'], build_base='build', catkin_cmake_args=None, catkin_skip_building_tests=False, cmake_args=None, cmake_clean_cache=False, cmake_clean_first=False, cmake_force_configure=False, cmake_target=None, cmake_target_skip_unavailable=False, continue_on_error=False, event_handlers=None, executor='parallel', ignore_user_meta=False, install_base='install', log_base=None, log_level=None, main=<bound method BuildVerb.main of <colcon_core.verb.build.BuildVerb object at 0x7ffb003f7d30>>, merge_install=False, metas=['./colcon.meta'], mixin=None, mixin_files=None, mixin_verb=('build',), packages_above=None, packages_above_and_dependencies=None, packages_above_depth=None, packages_end=None, packages_ignore=None, packages_ignore_regex=None, packages_select=None, packages_select_build_failed=False, packages_select_by_dep=None, packages_select_regex=None, packages_select_test_failures=False, packages_skip=None, packages_skip_build_finished=False, packages_skip_by_dep=None, packages_skip_regex=None, packages_skip_test_passed=False, packages_skip_up_to=None, packages_start=None, packages_up_to=None, packages_up_to_regex=None, parallel_workers=8, paths=None, symlink_install=False, test_result_base=None, verb_extension=<colcon_core.verb.build.BuildVerb object at 0x7ffb003f7d30>, verb_name='build', verb_parser=<colcon_mixin.mixin.mixin_argument.MixinArgumentDecorator object at 0x7ffb00407250>)
[0.428s] Level 1:colcon.colcon_core.package_discovery:discover_packages(colcon_meta) check parameters
[0.428s] Level 1:colcon.colcon_core.package_discovery:discover_packages(recursive) check parameters
[0.428s] Level 1:colcon.colcon_core.package_discovery:discover_packages(ignore) check parameters
[0.428s] Level 1:colcon.colcon_core.package_discovery:discover_packages(path) check parameters
[0.428s] Level 1:colcon.colcon_core.package_discovery:discover_packages(colcon_meta) discover
[0.428s] Level 1:colcon.colcon_core.package_discovery:discover_packages(recursive) discover
[0.428s] INFO:colcon.colcon_core.package_discovery:Crawling recursively for packages in '/home/flo/lab_ws/src/Learning-Guided-Control-MPPI'
[0.428s] Level 1:colcon.colcon_core.package_identification:_identify(.) by extensions ['ignore', 'ignore_ament_install']
[0.428s] Level 1:colcon.colcon_core.package_identification:_identify(.) by extension 'ignore'
[0.428s] Level 1:colcon.colcon_core.package_identification:_identify(.) by extension 'ignore_ament_install'
[0.429s] Level 1:colcon.colcon_core.package_identification:_identify(.) by extensions ['colcon_pkg']
[0.429s] Level 1:colcon.colcon_core.package_identification:_identify(.) by extension 'colcon_pkg'
[0.429s] Level 1:colcon.colcon_core.package_identification:_identify(.) by extensions ['colcon_meta']
[0.429s] Level 1:colcon.colcon_core.package_identification:_identify(.) by extension 'colcon_meta'
[0.429s] Level 1:colcon.colcon_core.package_identification:_identify(.) by extensions ['ros']
[0.429s] Level 1:colcon.colcon_core.package_identification:_identify(.) by extension 'ros'
[0.457s] DEBUG:colcon.colcon_core.package_identification:Package '.' with type 'ros.ament_cmake' and name 'mppi_control'
[0.457s] Level 1:colcon.colcon_core.package_discovery:discover_packages(recursive) using defaults
[0.458s] Level 1:colcon.colcon_core.package_discovery:discover_packages(ignore) discover
[0.458s] Level 1:colcon.colcon_core.package_discovery:discover_packages(ignore) using defaults
[0.458s] Level 1:colcon.colcon_core.package_discovery:discover_packages(path) discover
[0.458s] Level 1:colcon.colcon_core.package_discovery:discover_packages(path) using defaults
[0.482s] Level 1:colcon.colcon_core.package_discovery:discover_packages(prefix_path) check parameters
[0.483s] Level 1:colcon.colcon_core.package_discovery:discover_packages(prefix_path) discover
[0.484s] WARNING:colcon.colcon_ros.prefix_path.ament:The path '/home/flo/lab_ws/src/Learning-Guided-Control-MPPI/install/mppi_control' in the environment variable AMENT_PREFIX_PATH doesn't exist
[0.484s] WARNING:colcon.colcon_ros.prefix_path.catkin:The path '/home/flo/lab_ws/src/Learning-Guided-Control-MPPI/install/mppi_control' in the environment variable CMAKE_PREFIX_PATH doesn't exist
[0.485s] DEBUG:colcon.colcon_installed_package_information.package_discovery:Found 0 installed packages in /home/flo/lab_ws/src/Learning-Guided-Control-MPPI/install
[0.486s] DEBUG:colcon.colcon_installed_package_information.package_discovery:Found 296 installed packages in /opt/ros/foxy
[0.488s] Level 1:colcon.colcon_core.package_discovery:discover_packages(prefix_path) using defaults
[0.575s] Level 5:colcon.colcon_core.verb:set package 'mppi_control' build argument 'cmake_args' from command line to 'None'
[0.575s] Level 5:colcon.colcon_core.verb:set package 'mppi_control' build argument 'cmake_target' from command line to 'None'
[0.575s] Level 5:colcon.colcon_core.verb:set package 'mppi_control' build argument 'cmake_target_skip_unavailable' from command line to 'False'
[0.575s] Level 5:colcon.colcon_core.verb:set package 'mppi_control' build argument 'cmake_clean_cache' from command line to 'False'
[0.575s] Level 5:colcon.colcon_core.verb:set package 'mppi_control' build argument 'cmake_clean_first' from command line to 'False'
[0.576s] Level 5:colcon.colcon_core.verb:set package 'mppi_control' build argument 'cmake_force_configure' from command line to 'False'
[0.576s] Level 5:colcon.colcon_core.verb:set package 'mppi_control' build argument 'ament_cmake_args' from command line to 'None'
[0.576s] Level 5:colcon.colcon_core.verb:set package 'mppi_control' build argument 'catkin_cmake_args' from command line to 'None'
[0.576s] Level 5:colcon.colcon_core.verb:set package 'mppi_control' build argument 'catkin_skip_building_tests' from command line to 'False'
[0.576s] DEBUG:colcon.colcon_core.verb:Building package 'mppi_control' with the following arguments: {'ament_cmake_args': None, 'build_base': '/home/flo/lab_ws/src/Learning-Guided-Control-MPPI/build/mppi_control', 'catkin_cmake_args': None, 'catkin_skip_building_tests': False, 'cmake_args': None, 'cmake_clean_cache': False, 'cmake_clean_first': False, 'cmake_force_configure': False, 'cmake_target': None, 'cmake_target_skip_unavailable': False, 'install_base': '/home/flo/lab_ws/src/Learning-Guided-Control-MPPI/install/mppi_control', 'merge_install': False, 'path': '/home/flo/lab_ws/src/Learning-Guided-Control-MPPI', 'symlink_install': False, 'test_result_base': None}
[0.576s] INFO:colcon.colcon_core.executor:Executing jobs using 'parallel' executor
[0.579s] DEBUG:colcon.colcon_parallel_executor.executor.parallel:run_until_complete
[0.579s] INFO:colcon.colcon_ros.task.ament_cmake.build:Building ROS package in '/home/flo/lab_ws/src/Learning-Guided-Control-MPPI' with build type 'ament_cmake'
[0.579s] INFO:colcon.colcon_cmake.task.cmake.build:Building CMake package in '/home/flo/lab_ws/src/Learning-Guided-Control-MPPI'
[0.584s] INFO:colcon.colcon_core.plugin_system:Skipping extension 'colcon_core.shell.bat': Not used on non-Windows systems
[0.584s] INFO:colcon.colcon_core.shell:Skip shell extension 'powershell' for command environment: Not usable outside of PowerShell
[0.584s] DEBUG:colcon.colcon_core.shell:Skip shell extension 'dsv' for command environment
[0.600s] DEBUG:colcon.colcon_core.event_handler.log_command:Invoking command in '/home/flo/lab_ws/src/Learning-Guided-Control-MPPI/build/mppi_control': CMAKE_PREFIX_PATH=${CMAKE_PREFIX_PATH}:/opt/ros/foxy /usr/bin/cmake /home/flo/lab_ws/src/Learning-Guided-Control-MPPI -DCMAKE_INSTALL_PREFIX=/home/flo/lab_ws/src/Learning-Guided-Control-MPPI/install/mppi_control
[3.188s] DEBUG:colcon.colcon_core.event_handler.log_command:Invoked command in '/home/flo/lab_ws/src/Learning-Guided-Control-MPPI/build/mppi_control' returned '0': CMAKE_PREFIX_PATH=${CMAKE_PREFIX_PATH}:/opt/ros/foxy /usr/bin/cmake /home/flo/lab_ws/src/Learning-Guided-Control-MPPI -DCMAKE_INSTALL_PREFIX=/home/flo/lab_ws/src/Learning-Guided-Control-MPPI/install/mppi_control
[3.191s] DEBUG:colcon.colcon_core.event_handler.log_command:Invoking command in '/home/flo/lab_ws/src/Learning-Guided-Control-MPPI/build/mppi_control': CMAKE_PREFIX_PATH=${CMAKE_PREFIX_PATH}:/opt/ros/foxy /usr/bin/cmake --build /home/flo/lab_ws/src/Learning-Guided-Control-MPPI/build/mppi_control -- -j8 -l8
[3.246s] DEBUG:colcon.colcon_core.event_handler.log_command:Invoked command in '/home/flo/lab_ws/src/Learning-Guided-Control-MPPI/build/mppi_control' returned '0': CMAKE_PREFIX_PATH=${CMAKE_PREFIX_PATH}:/opt/ros/foxy /usr/bin/cmake --build /home/flo/lab_ws/src/Learning-Guided-Control-MPPI/build/mppi_control -- -j8 -l8
[3.263s] DEBUG:colcon.colcon_core.event_handler.log_command:Invoking command in '/home/flo/lab_ws/src/Learning-Guided-Control-MPPI/build/mppi_control': CMAKE_PREFIX_PATH=${CMAKE_PREFIX_PATH}:/opt/ros/foxy /usr/bin/cmake --install /home/flo/lab_ws/src/Learning-Guided-Control-MPPI/build/mppi_control
[3.285s] Level 1:colcon.colcon_core.environment:create_environment_scripts_only(mppi_control)
[3.286s] DEBUG:colcon.colcon_core.event_handler.log_command:Invoked command in '/home/flo/lab_ws/src/Learning-Guided-Control-MPPI/build/mppi_control' returned '0': CMAKE_PREFIX_PATH=${CMAKE_PREFIX_PATH}:/opt/ros/foxy /usr/bin/cmake --install /home/flo/lab_ws/src/Learning-Guided-Control-MPPI/build/mppi_control
[3.290s] Level 1:colcon.colcon_core.environment:checking '/home/flo/lab_ws/src/Learning-Guided-Control-MPPI/install/mppi_control' for CMake module files
[3.291s] Level 1:colcon.colcon_core.environment:checking '/home/flo/lab_ws/src/Learning-Guided-Control-MPPI/install/mppi_control' for CMake config files
[3.291s] Level 1:colcon.colcon_core.shell:create_environment_hook('mppi_control', 'cmake_prefix_path')
[3.291s] INFO:colcon.colcon_core.shell:Creating environment hook '/home/flo/lab_ws/src/Learning-Guided-Control-MPPI/install/mppi_control/share/mppi_control/hook/cmake_prefix_path.ps1'
[3.294s] INFO:colcon.colcon_core.shell:Creating environment descriptor '/home/flo/lab_ws/src/Learning-Guided-Control-MPPI/install/mppi_control/share/mppi_control/hook/cmake_prefix_path.dsv'
[3.296s] INFO:colcon.colcon_core.shell:Creating environment hook '/home/flo/lab_ws/src/Learning-Guided-Control-MPPI/install/mppi_control/share/mppi_control/hook/cmake_prefix_path.sh'
[3.299s] Level 1:colcon.colcon_core.environment:checking '/home/flo/lab_ws/src/Learning-Guided-Control-MPPI/install/mppi_control/lib'
[3.299s] Level 1:colcon.colcon_core.environment:checking '/home/flo/lab_ws/src/Learning-Guided-Control-MPPI/install/mppi_control/bin'
[3.300s] Level 1:colcon.colcon_core.environment:checking '/home/flo/lab_ws/src/Learning-Guided-Control-MPPI/install/mppi_control/lib/pkgconfig/mppi_control.pc'
[3.300s] Level 1:colcon.colcon_core.environment:checking '/home/flo/lab_ws/src/Learning-Guided-Control-MPPI/install/mppi_control/lib/python3.8/site-packages'
[3.300s] Level 1:colcon.colcon_core.environment:checking '/home/flo/lab_ws/src/Learning-Guided-Control-MPPI/install/mppi_control/bin'
[3.301s] INFO:colcon.colcon_core.shell:Creating package script '/home/flo/lab_ws/src/Learning-Guided-Control-MPPI/install/mppi_control/share/mppi_control/package.ps1'
[3.302s] INFO:colcon.colcon_core.shell:Creating package descriptor '/home/flo/lab_ws/src/Learning-Guided-Control-MPPI/install/mppi_control/share/mppi_control/package.dsv'
[3.302s] INFO:colcon.colcon_core.shell:Creating package script '/home/flo/lab_ws/src/Learning-Guided-Control-MPPI/install/mppi_control/share/mppi_control/package.sh'
[3.303s] INFO:colcon.colcon_core.shell:Creating package script '/home/flo/lab_ws/src/Learning-Guided-Control-MPPI/install/mppi_control/share/mppi_control/package.bash'
[3.305s] INFO:colcon.colcon_core.shell:Creating package script '/home/flo/lab_ws/src/Learning-Guided-Control-MPPI/install/mppi_control/share/mppi_control/package.zsh'
[3.306s] Level 1:colcon.colcon_core.environment:create_file_with_runtime_dependencies(/home/flo/lab_ws/src/Learning-Guided-Control-MPPI/install/mppi_control/share/colcon-core/packages/mppi_control)
[3.307s] Level 1:colcon.colcon_core.environment:create_environment_scripts_only(mppi_control)
[3.307s] Level 1:colcon.colcon_core.environment:checking '/home/flo/lab_ws/src/Learning-Guided-Control-MPPI/install/mppi_control' for CMake module files
[3.307s] Level 1:colcon.colcon_core.environment:checking '/home/flo/lab_ws/src/Learning-Guided-Control-MPPI/install/mppi_control' for CMake config files
[3.308s] Level 1:colcon.colcon_core.shell:create_environment_hook('mppi_control', 'cmake_prefix_path')
[3.308s] INFO:colcon.colcon_core.shell:Creating environment hook '/home/flo/lab_ws/src/Learning-Guided-Control-MPPI/install/mppi_control/share/mppi_control/hook/cmake_prefix_path.ps1'
[3.308s] INFO:colcon.colcon_core.shell:Creating environment descriptor '/home/flo/lab_ws/src/Learning-Guided-Control-MPPI/install/mppi_control/share/mppi_control/hook/cmake_prefix_path.dsv'
[3.309s] INFO:colcon.colcon_core.shell:Creating environment hook '/home/flo/lab_ws/src/Learning-Guided-Control-MPPI/install/mppi_control/share/mppi_control/hook/cmake_prefix_path.sh'
[3.309s] Level 1:colcon.colcon_core.environment:checking '/home/flo/lab_ws/src/Learning-Guided-Control-MPPI/install/mppi_control/lib'
[3.309s] Level 1:colcon.colcon_core.environment:checking '/home/flo/lab_ws/src/Learning-Guided-Control-MPPI/install/mppi_control/bin'
[3.310s] Level 1:colcon.colcon_core.environment:checking '/home/flo/lab_ws/src/Learning-Guided-Control-MPPI/install/mppi_control/lib/pkgconfig/mppi_control.pc'
[3.310s] Level 1:colcon.colcon_core.environment:checking '/home/flo/lab_ws/src/Learning-Guided-Control-MPPI/install/mppi_control/lib/python3.8/site-packages'
[3.310s] Level 1:colcon.colcon_core.environment:checking '/home/flo/lab_ws/src/Learning-Guided-Control-MPPI/install/mppi_control/bin'
[3.310s] INFO:colcon.colcon_core.shell:Creating package script '/home/flo/lab_ws/src/Learning-Guided-Control-MPPI/install/mppi_control/share/mppi_control/package.ps1'
[3.311s] INFO:colcon.colcon_core.shell:Creating package descriptor '/home/flo/lab_ws/src/Learning-Guided-Control-MPPI/install/mppi_control/share/mppi_control/package.dsv'
[3.311s] INFO:colcon.colcon_core.shell:Creating package script '/home/flo/lab_ws/src/Learning-Guided-Control-MPPI/install/mppi_control/share/mppi_control/package.sh'
[3.312s] INFO:colcon.colcon_core.shell:Creating package script '/home/flo/lab_ws/src/Learning-Guided-Control-MPPI/install/mppi_control/share/mppi_control/package.bash'
[3.312s] INFO:colcon.colcon_core.shell:Creating package script '/home/flo/lab_ws/src/Learning-Guided-Control-MPPI/install/mppi_control/share/mppi_control/package.zsh'
[3.313s] Level 1:colcon.colcon_core.environment:create_file_with_runtime_dependencies(/home/flo/lab_ws/src/Learning-Guided-Control-MPPI/install/mppi_control/share/colcon-core/packages/mppi_control)
[3.313s] DEBUG:colcon.colcon_parallel_executor.executor.parallel:closing loop
[3.313s] DEBUG:colcon.colcon_parallel_executor.executor.parallel:loop closed
[3.313s] DEBUG:colcon.colcon_parallel_executor.executor.parallel:run_until_complete finished with '0'
[3.314s] DEBUG:colcon.colcon_core.event_reactor:joining thread
[3.320s] INFO:colcon.colcon_core.plugin_system:Skipping extension 'colcon_notification.desktop_notification.terminal_notifier': Not used on non-Darwin systems
[3.320s] INFO:colcon.colcon_core.plugin_system:Skipping extension 'colcon_notification.desktop_notification.win32': Not used on non-Windows systems
[3.320s] INFO:colcon.colcon_notification.desktop_notification:Sending desktop notification using 'notify2'
[3.336s] DEBUG:colcon.colcon_core.event_reactor:joined thread
[3.336s] INFO:colcon.colcon_core.shell:Creating prefix script '/home/flo/lab_ws/src/Learning-Guided-Control-MPPI/install/local_setup.ps1'
[3.338s] INFO:colcon.colcon_core.shell:Creating prefix util module '/home/flo/lab_ws/src/Learning-Guided-Control-MPPI/install/_local_setup_util_ps1.py'
[3.340s] INFO:colcon.colcon_core.shell:Creating prefix chain script '/home/flo/lab_ws/src/Learning-Guided-Control-MPPI/install/setup.ps1'
[3.341s] INFO:colcon.colcon_core.shell:Creating prefix script '/home/flo/lab_ws/src/Learning-Guided-Control-MPPI/install/local_setup.sh'
[3.341s] INFO:colcon.colcon_core.shell:Creating prefix util module '/home/flo/lab_ws/src/Learning-Guided-Control-MPPI/install/_local_setup_util_sh.py'
[3.342s] INFO:colcon.colcon_core.shell:Creating prefix chain script '/home/flo/lab_ws/src/Learning-Guided-Control-MPPI/install/setup.sh'
[3.343s] INFO:colcon.colcon_core.shell:Creating prefix script '/home/flo/lab_ws/src/Learning-Guided-Control-MPPI/install/local_setup.bash'
[3.344s] INFO:colcon.colcon_core.shell:Creating prefix chain script '/home/flo/lab_ws/src/Learning-Guided-Control-MPPI/install/setup.bash'
[3.365s] INFO:colcon.colcon_core.shell:Creating prefix script '/home/flo/lab_ws/src/Learning-Guided-Control-MPPI/install/local_setup.zsh'
[3.366s] INFO:colcon.colcon_core.shell:Creating prefix chain script '/home/flo/lab_ws/src/Learning-Guided-Control-MPPI/install/setup.zsh'
