-- Install configuration: ""
-- Up-to-date: /home/flo/lab_ws/src/Learning-Guided-Control-MPPI/install/mppi_control/lib/mppi_control
-- Up-to-date: /home/flo/lab_ws/src/Learning-Guided-Control-MPPI/install/mppi_control/lib/mppi_control/infer_env.py
-- Up-to-date: /home/flo/lab_ws/src/Learning-Guided-Control-MPPI/install/mppi_control/lib/mppi_control/mppi_PP.py
-- Up-to-date: /home/flo/lab_ws/src/Learning-Guided-Control-MPPI/install/mppi_control/lib/mppi_control/utils
-- Up-to-date: /home/flo/lab_ws/src/Learning-Guided-Control-MPPI/install/mppi_control/lib/mppi_control/utils/Track.py
-- Up-to-date: /home/flo/lab_ws/src/Learning-Guided-Control-MPPI/install/mppi_control/lib/mppi_control/utils/jax_utils.py
-- Up-to-date: /home/flo/lab_ws/src/Learning-Guided-Control-MPPI/install/mppi_control/lib/mppi_control/utils/cubic_spline.py
-- Up-to-date: /home/flo/lab_ws/src/Learning-Guided-Control-MPPI/install/mppi_control/lib/mppi_control/utils/ros_np_multiarray.py
-- Up-to-date: /home/flo/lab_ws/src/Learning-Guided-Control-MPPI/install/mppi_control/lib/mppi_control/utils/utils.py
-- Up-to-date: /home/flo/lab_ws/src/Learning-Guided-Control-MPPI/install/mppi_control/lib/mppi_control/mppi_tracking.py
-- Up-to-date: /home/flo/lab_ws/src/Learning-Guided-Control-MPPI/install/mppi_control/lib/mppi_control/vis_node.py
-- Up-to-date: /home/flo/lab_ws/src/Learning-Guided-Control-MPPI/install/mppi_control/lib/mppi_control/trajectory_error_evaluator.py
-- Installing: /home/flo/lab_ws/src/Learning-Guided-Control-MPPI/install/mppi_control/lib/mppi_control/pure_pursuit_node.py
-- Up-to-date: /home/flo/lab_ws/src/Learning-Guided-Control-MPPI/install/mppi_control/lib/mppi_control/mppi_node.py
-- Up-to-date: /home/flo/lab_ws/src/Learning-Guided-Control-MPPI/install/mppi_control/lib/mppi_control/dynamics_models
-- Up-to-date: /home/flo/lab_ws/src/Learning-Guided-Control-MPPI/install/mppi_control/lib/mppi_control/dynamics_models/dynamics_models_jax.py
-- Up-to-date: /home/flo/lab_ws/src/Learning-Guided-Control-MPPI/install/mppi_control/lib/mppi_control/dynamics_models/tire_models.py
-- Up-to-date: /home/flo/lab_ws/src/Learning-Guided-Control-MPPI/install/mppi_control/lib/mppi_control/dynamics_models/vehicleModels_commonRoad.pdf
-- Up-to-date: /home/flo/lab_ws/src/Learning-Guided-Control-MPPI/install/mppi_control/lib/mppi_control/dynamics_models/mb_model_params.py
-- Up-to-date: /home/flo/lab_ws/src/Learning-Guided-Control-MPPI/install/mppi_control/lib/mppi_control/QtMatplotlib.py
-- Up-to-date: /home/flo/lab_ws/src/Learning-Guided-Control-MPPI/install/mppi_control/lib/mppi_control/mppi_node.py
-- Up-to-date: /home/flo/lab_ws/src/Learning-Guided-Control-MPPI/install/mppi_control/lib/mppi_control/infer_env.py
-- Up-to-date: /home/flo/lab_ws/src/Learning-Guided-Control-MPPI/install/mppi_control/lib/mppi_control/mppi_tracking.py
-- Up-to-date: /home/flo/lab_ws/src/Learning-Guided-Control-MPPI/install/mppi_control/lib/mppi_control/vis_node.py
-- Up-to-date: /home/flo/lab_ws/src/Learning-Guided-Control-MPPI/install/mppi_control/lib/mppi_control/QtMatplotlib.py
-- Up-to-date: /home/flo/lab_ws/src/Learning-Guided-Control-MPPI/install/mppi_control/lib/mppi_control/trajectory_error_evaluator.py
-- Up-to-date: /home/flo/lab_ws/src/Learning-Guided-Control-MPPI/install/mppi_control/lib/mppi_control/pure_pursuit_node.py
-- Up-to-date: /home/flo/lab_ws/src/Learning-Guided-Control-MPPI/install/mppi_control/lib/mppi_control/mppi_PP.py
-- Up-to-date: /home/flo/lab_ws/src/Learning-Guided-Control-MPPI/install/mppi_control/share/mppi_control//launch
-- Up-to-date: /home/flo/lab_ws/src/Learning-Guided-Control-MPPI/install/mppi_control/share/mppi_control//launch/mppi_PP.py
-- Up-to-date: /home/flo/lab_ws/src/Learning-Guided-Control-MPPI/install/mppi_control/share/mppi_control//launch/mppi_example.py
-- Up-to-date: /home/flo/lab_ws/src/Learning-Guided-Control-MPPI/install/mppi_control/share/ament_index/resource_index/package_run_dependencies/mppi_control
-- Up-to-date: /home/flo/lab_ws/src/Learning-Guided-Control-MPPI/install/mppi_control/share/ament_index/resource_index/parent_prefix_path/mppi_control
-- Up-to-date: /home/flo/lab_ws/src/Learning-Guided-Control-MPPI/install/mppi_control/share/mppi_control/environment/ament_prefix_path.sh
-- Up-to-date: /home/flo/lab_ws/src/Learning-Guided-Control-MPPI/install/mppi_control/share/mppi_control/environment/ament_prefix_path.dsv
-- Up-to-date: /home/flo/lab_ws/src/Learning-Guided-Control-MPPI/install/mppi_control/share/mppi_control/environment/path.sh
-- Up-to-date: /home/flo/lab_ws/src/Learning-Guided-Control-MPPI/install/mppi_control/share/mppi_control/environment/path.dsv
-- Up-to-date: /home/flo/lab_ws/src/Learning-Guided-Control-MPPI/install/mppi_control/share/mppi_control/local_setup.bash
-- Up-to-date: /home/flo/lab_ws/src/Learning-Guided-Control-MPPI/install/mppi_control/share/mppi_control/local_setup.sh
-- Up-to-date: /home/flo/lab_ws/src/Learning-Guided-Control-MPPI/install/mppi_control/share/mppi_control/local_setup.zsh
-- Up-to-date: /home/flo/lab_ws/src/Learning-Guided-Control-MPPI/install/mppi_control/share/mppi_control/local_setup.dsv
-- Up-to-date: /home/flo/lab_ws/src/Learning-Guided-Control-MPPI/install/mppi_control/share/mppi_control/package.dsv
-- Up-to-date: /home/flo/lab_ws/src/Learning-Guided-Control-MPPI/install/mppi_control/share/ament_index/resource_index/packages/mppi_control
-- Up-to-date: /home/flo/lab_ws/src/Learning-Guided-Control-MPPI/install/mppi_control/share/mppi_control/cmake/mppi_controlConfig.cmake
-- Up-to-date: /home/flo/lab_ws/src/Learning-Guided-Control-MPPI/install/mppi_control/share/mppi_control/cmake/mppi_controlConfig-version.cmake
-- Up-to-date: /home/flo/lab_ws/src/Learning-Guided-Control-MPPI/install/mppi_control/share/mppi_control/package.xml
