[0.018s] Invoking command in '/home/flo/lab_ws/src/Learning-Guided-Control-MPPI/build/mppi_control': CMAKE_PREFIX_PATH=${CMAKE_PREFIX_PATH}:/opt/ros/foxy /usr/bin/cmake --build /home/flo/lab_ws/src/Learning-Guided-Control-MPPI/build/mppi_control -- -j8 -l8
[0.068s] Invoked command in '/home/flo/lab_ws/src/Learning-Guided-Control-MPPI/build/mppi_control' returned '0': CMAKE_PREFIX_PATH=${CMAKE_PREFIX_PATH}:/opt/ros/foxy /usr/bin/cmake --build /home/flo/lab_ws/src/Learning-Guided-Control-MPPI/build/mppi_control -- -j8 -l8
[0.084s] Invoking command in '/home/flo/lab_ws/src/Learning-Guided-Control-MPPI/build/mppi_control': CMAKE_PREFIX_PATH=${CMAKE_PREFIX_PATH}:/opt/ros/foxy /usr/bin/cmake --install /home/flo/lab_ws/src/Learning-Guided-Control-MPPI/build/mppi_control
[0.093s] -- Install configuration: ""
[0.094s] -- Up-to-date: /home/flo/lab_ws/src/Learning-Guided-Control-MPPI/install/mppi_control/lib/mppi_control
[0.094s] -- Up-to-date: /home/flo/lab_ws/src/Learning-Guided-Control-MPPI/install/mppi_control/lib/mppi_control/infer_env.py
[0.094s] -- Up-to-date: /home/flo/lab_ws/src/Learning-Guided-Control-MPPI/install/mppi_control/lib/mppi_control/mppi_PP.py
[0.094s] -- Up-to-date: /home/flo/lab_ws/src/Learning-Guided-Control-MPPI/install/mppi_control/lib/mppi_control/utils
[0.094s] -- Up-to-date: /home/flo/lab_ws/src/Learning-Guided-Control-MPPI/install/mppi_control/lib/mppi_control/utils/Track.py
[0.095s] -- Up-to-date: /home/flo/lab_ws/src/Learning-Guided-Control-MPPI/install/mppi_control/lib/mppi_control/utils/jax_utils.py
[0.095s] -- Up-to-date: /home/flo/lab_ws/src/Learning-Guided-Control-MPPI/install/mppi_control/lib/mppi_control/utils/cubic_spline.py
[0.095s] -- Up-to-date: /home/flo/lab_ws/src/Learning-Guided-Control-MPPI/install/mppi_control/lib/mppi_control/utils/ros_np_multiarray.py
[0.095s] -- Up-to-date: /home/flo/lab_ws/src/Learning-Guided-Control-MPPI/install/mppi_control/lib/mppi_control/utils/utils.py
[0.095s] -- Up-to-date: /home/flo/lab_ws/src/Learning-Guided-Control-MPPI/install/mppi_control/lib/mppi_control/mppi_tracking.py
[0.095s] -- Up-to-date: /home/flo/lab_ws/src/Learning-Guided-Control-MPPI/install/mppi_control/lib/mppi_control/vis_node.py
[0.095s] -- Up-to-date: /home/flo/lab_ws/src/Learning-Guided-Control-MPPI/install/mppi_control/lib/mppi_control/trajectory_error_evaluator.py
[0.095s] -- Installing: /home/flo/lab_ws/src/Learning-Guided-Control-MPPI/install/mppi_control/lib/mppi_control/pure_pursuit_node.py
[0.095s] -- Up-to-date: /home/flo/lab_ws/src/Learning-Guided-Control-MPPI/install/mppi_control/lib/mppi_control/mppi_node.py
[0.095s] -- Up-to-date: /home/flo/lab_ws/src/Learning-Guided-Control-MPPI/install/mppi_control/lib/mppi_control/dynamics_models
[0.095s] -- Up-to-date: /home/flo/lab_ws/src/Learning-Guided-Control-MPPI/install/mppi_control/lib/mppi_control/dynamics_models/dynamics_models_jax.py
[0.095s] -- Up-to-date: /home/flo/lab_ws/src/Learning-Guided-Control-MPPI/install/mppi_control/lib/mppi_control/dynamics_models/tire_models.py
[0.096s] -- Up-to-date: /home/flo/lab_ws/src/Learning-Guided-Control-MPPI/install/mppi_control/lib/mppi_control/dynamics_models/vehicleModels_commonRoad.pdf
[0.096s] -- Up-to-date: /home/flo/lab_ws/src/Learning-Guided-Control-MPPI/install/mppi_control/lib/mppi_control/dynamics_models/mb_model_params.py
[0.096s] -- Up-to-date: /home/flo/lab_ws/src/Learning-Guided-Control-MPPI/install/mppi_control/lib/mppi_control/QtMatplotlib.py
[0.096s] -- Up-to-date: /home/flo/lab_ws/src/Learning-Guided-Control-MPPI/install/mppi_control/lib/mppi_control/mppi_node.py
[0.096s] -- Up-to-date: /home/flo/lab_ws/src/Learning-Guided-Control-MPPI/install/mppi_control/lib/mppi_control/infer_env.py
[0.096s] -- Up-to-date: /home/flo/lab_ws/src/Learning-Guided-Control-MPPI/install/mppi_control/lib/mppi_control/mppi_tracking.py
[0.096s] -- Up-to-date: /home/flo/lab_ws/src/Learning-Guided-Control-MPPI/install/mppi_control/lib/mppi_control/vis_node.py
[0.097s] -- Up-to-date: /home/flo/lab_ws/src/Learning-Guided-Control-MPPI/install/mppi_control/lib/mppi_control/QtMatplotlib.py
[0.097s] -- Up-to-date: /home/flo/lab_ws/src/Learning-Guided-Control-MPPI/install/mppi_control/lib/mppi_control/trajectory_error_evaluator.py
[0.098s] -- Up-to-date: /home/flo/lab_ws/src/Learning-Guided-Control-MPPI/install/mppi_control/lib/mppi_control/pure_pursuit_node.py
[0.098s] -- Up-to-date: /home/flo/lab_ws/src/Learning-Guided-Control-MPPI/install/mppi_control/lib/mppi_control/mppi_PP.py
[0.098s] -- Up-to-date: /home/flo/lab_ws/src/Learning-Guided-Control-MPPI/install/mppi_control/share/mppi_control//launch
[0.098s] -- Up-to-date: /home/flo/lab_ws/src/Learning-Guided-Control-MPPI/install/mppi_control/share/mppi_control//launch/mppi_PP.py
[0.098s] -- Up-to-date: /home/flo/lab_ws/src/Learning-Guided-Control-MPPI/install/mppi_control/share/mppi_control//launch/mppi_example.py
[0.098s] -- Up-to-date: /home/flo/lab_ws/src/Learning-Guided-Control-MPPI/install/mppi_control/share/ament_index/resource_index/package_run_dependencies/mppi_control
[0.098s] -- Up-to-date: /home/flo/lab_ws/src/Learning-Guided-Control-MPPI/install/mppi_control/share/ament_index/resource_index/parent_prefix_path/mppi_control
[0.098s] -- Up-to-date: /home/flo/lab_ws/src/Learning-Guided-Control-MPPI/install/mppi_control/share/mppi_control/environment/ament_prefix_path.sh
[0.099s] -- Up-to-date: /home/flo/lab_ws/src/Learning-Guided-Control-MPPI/install/mppi_control/share/mppi_control/environment/ament_prefix_path.dsv
[0.099s] -- Up-to-date: /home/flo/lab_ws/src/Learning-Guided-Control-MPPI/install/mppi_control/share/mppi_control/environment/path.sh
[0.099s] -- Up-to-date: /home/flo/lab_ws/src/Learning-Guided-Control-MPPI/install/mppi_control/share/mppi_control/environment/path.dsv
[0.099s] -- Up-to-date: /home/flo/lab_ws/src/Learning-Guided-Control-MPPI/install/mppi_control/share/mppi_control/local_setup.bash
[0.100s] -- Up-to-date: /home/flo/lab_ws/src/Learning-Guided-Control-MPPI/install/mppi_control/share/mppi_control/local_setup.sh
[0.100s] -- Up-to-date: /home/flo/lab_ws/src/Learning-Guided-Control-MPPI/install/mppi_control/share/mppi_control/local_setup.zsh
[0.100s] -- Up-to-date: /home/flo/lab_ws/src/Learning-Guided-Control-MPPI/install/mppi_control/share/mppi_control/local_setup.dsv
[0.100s] -- Up-to-date: /home/flo/lab_ws/src/Learning-Guided-Control-MPPI/install/mppi_control/share/mppi_control/package.dsv
[0.100s] -- Up-to-date: /home/flo/lab_ws/src/Learning-Guided-Control-MPPI/install/mppi_control/share/ament_index/resource_index/packages/mppi_control
[0.101s] -- Up-to-date: /home/flo/lab_ws/src/Learning-Guided-Control-MPPI/install/mppi_control/share/mppi_control/cmake/mppi_controlConfig.cmake
[0.101s] -- Up-to-date: /home/flo/lab_ws/src/Learning-Guided-Control-MPPI/install/mppi_control/share/mppi_control/cmake/mppi_controlConfig-version.cmake
[0.101s] -- Up-to-date: /home/flo/lab_ws/src/Learning-Guided-Control-MPPI/install/mppi_control/share/mppi_control/package.xml
[0.101s] Invoked command in '/home/flo/lab_ws/src/Learning-Guided-Control-MPPI/build/mppi_control' returned '0': CMAKE_PREFIX_PATH=${CMAKE_PREFIX_PATH}:/opt/ros/foxy /usr/bin/cmake --install /home/flo/lab_ws/src/Learning-Guided-Control-MPPI/build/mppi_control
